2024-08-18 00:57:58 [main] INFO  c.s.s.SinglestoreApplication - Starting SinglestoreApplication using Java 17.0.11 with PID 22553 (/Users/ayushpattanayak/Desktop/PROJECTS/singlestore-application/target/classes started by ayushpattanayak in /Users/ayushpattanayak/Desktop/PROJECTS/singlestore-application)
2024-08-18 00:57:58 [main] INFO  c.s.s.SinglestoreApplication - No active profile set, falling back to 1 default profile: "default"
2024-08-18 00:57:59 [main] INFO  o.s.d.r.c.RepositoryConfigurationDelegate - Bootstrapping Spring Data JPA repositories in DEFAULT mode.
2024-08-18 00:57:59 [main] INFO  o.s.d.r.c.RepositoryConfigurationDelegate - Finished Spring Data repository scanning in 14 ms. Found 1 JPA repository interface.
2024-08-18 00:57:59 [main] INFO  o.s.b.w.e.tomcat.TomcatWebServer - Tomcat initialized with port 8090 (http)
2024-08-18 00:57:59 [main] INFO  o.a.coyote.http11.Http11NioProtocol - Initializing ProtocolHandler ["http-nio-8090"]
2024-08-18 00:57:59 [main] INFO  o.a.catalina.core.StandardService - Starting service [Tomcat]
2024-08-18 00:57:59 [main] INFO  o.a.catalina.core.StandardEngine - Starting Servlet engine: [Apache Tomcat/10.1.26]
2024-08-18 00:57:59 [main] INFO  o.a.c.c.C.[Tomcat].[localhost].[/] - Initializing Spring embedded WebApplicationContext
2024-08-18 00:57:59 [main] INFO  o.s.b.w.s.c.ServletWebServerApplicationContext - Root WebApplicationContext: initialization completed in 490 ms
2024-08-18 00:57:59 [main] INFO  com.zaxxer.hikari.HikariDataSource - HikariPool-1 - Starting...
2024-08-18 00:57:59 [main] INFO  com.zaxxer.hikari.pool.HikariPool - HikariPool-1 - Added connection com.mysql.cj.jdbc.ConnectionImpl@52bd9a27
2024-08-18 00:57:59 [main] INFO  com.zaxxer.hikari.HikariDataSource - HikariPool-1 - Start completed.
2024-08-18 00:57:59 [main] INFO  liquibase.changelog - Reading from redcloud.DATABASECHANGELOG
2024-08-18 00:57:59 [main] INFO  liquibase.ui - Database is up to date, no changesets to execute
2024-08-18 00:57:59 [main] INFO  liquibase.changelog - Reading from redcloud.DATABASECHANGELOG
2024-08-18 00:57:59 [main] INFO  liquibase.util - UPDATE SUMMARY
2024-08-18 00:57:59 [main] INFO  liquibase.util - Run:                          0
2024-08-18 00:57:59 [main] INFO  liquibase.util - Previously run:               2
2024-08-18 00:57:59 [main] INFO  liquibase.util - Filtered out:                 0
2024-08-18 00:57:59 [main] INFO  liquibase.util - -------------------------------
2024-08-18 00:57:59 [main] INFO  liquibase.util - Total change sets:            2
2024-08-18 00:57:59 [main] INFO  liquibase.util - Update summary generated
2024-08-18 00:57:59 [main] INFO  liquibase.lockservice - Successfully released change log lock
2024-08-18 00:57:59 [main] INFO  liquibase.command - Command execution complete
2024-08-18 00:58:00 [main] INFO  o.h.jpa.internal.util.LogHelper - HHH000204: Processing PersistenceUnitInfo [name: default]
2024-08-18 00:58:00 [main] INFO  org.hibernate.Version - HHH000412: Hibernate ORM core version 6.5.2.Final
2024-08-18 00:58:00 [main] INFO  o.h.c.i.RegionFactoryInitiator - HHH000026: Second-level cache disabled
2024-08-18 00:58:00 [main] INFO  o.s.o.j.p.SpringPersistenceUnitInfo - No LoadTimeWeaver setup: ignoring JPA class transformer
2024-08-18 00:58:00 [main] WARN  org.hibernate.dialect.Dialect - HHH000511: The 5.7.32 version for [org.hibernate.dialect.MySQLDialect] is no longer supported, hence certain features may not work properly. The minimum supported version is 8.0.0. Check the community dialects project for available legacy versions.
2024-08-18 00:58:00 [main] INFO  o.h.e.t.j.p.i.JtaPlatformInitiator - HHH000489: No JTA platform available (set 'hibernate.transaction.jta.platform' to enable JTA platform integration)
2024-08-18 00:58:00 [main] INFO  o.s.o.j.LocalContainerEntityManagerFactoryBean - Initialized JPA EntityManagerFactory for persistence unit 'default'
2024-08-18 00:58:00 [main] INFO  o.s.d.j.r.query.QueryEnhancerFactory - Hibernate is in classpath; If applicable, HQL parser will be used.
2024-08-18 00:58:00 [main] WARN  o.s.b.a.o.j.JpaBaseConfiguration$JpaWebConfiguration - spring.jpa.open-in-view is enabled by default. Therefore, database queries may be performed during view rendering. Explicitly configure spring.jpa.open-in-view to disable this warning
2024-08-18 00:58:00 [main] INFO  o.a.coyote.http11.Http11NioProtocol - Starting ProtocolHandler ["http-nio-8090"]
2024-08-18 00:58:00 [main] INFO  o.s.b.w.e.tomcat.TomcatWebServer - Tomcat started on port 8090 (http) with context path '/'
2024-08-18 00:58:00 [main] INFO  c.s.s.SinglestoreApplication - Started SinglestoreApplication in 2.115 seconds (process running for 2.28)
2024-08-18 00:58:38 [SpringApplicationShutdownHook] INFO  o.s.o.j.LocalContainerEntityManagerFactoryBean - Closing JPA EntityManagerFactory for persistence unit 'default'
2024-08-18 00:58:38 [SpringApplicationShutdownHook] INFO  com.zaxxer.hikari.HikariDataSource - HikariPool-1 - Shutdown initiated...
2024-08-18 00:58:38 [SpringApplicationShutdownHook] INFO  com.zaxxer.hikari.HikariDataSource - HikariPool-1 - Shutdown completed.
